<?xml version="1.0" encoding="UTF-8"?>
<testng-results ignored="0" total="1" passed="1" failed="0" skipped="0">
  <reporter-output>
  </reporter-output>
  <suite started-at="2020-03-28T00:33:48 IST" name="Default suite" finished-at="2020-03-28T00:34:10 IST" duration-ms="21853">
    <groups>
    </groups>
    <test started-at="2020-03-28T00:33:48 IST" name="Default test" finished-at="2020-03-28T00:34:10 IST" duration-ms="21853">
      <class name="SuitPackage.Beforeandaftertestdemo">
        <test-method is-config="true" signature="browserLaunched()[pri:0, instance:SuitPackage.Beforeandaftertestdemo@1af2d44a]" started-at="2020-03-28T00:33:48 IST" name="browserLaunched" finished-at="2020-03-28T00:34:03 IST" duration-ms="15565" status="PASS">
          <reporter-output>
          </reporter-output>
        </test-method> <!-- browserLaunched -->
        <test-method signature="testcase1()[pri:0, instance:SuitPackage.Beforeandaftertestdemo@1af2d44a]" started-at="2020-03-28T00:34:03 IST" name="testcase1" finished-at="2020-03-28T00:34:04 IST" duration-ms="626" status="PASS">
          <reporter-output>
          </reporter-output>
        </test-method> <!-- testcase1 -->
        <test-method is-config="true" signature="refreshAndClose()[pri:0, instance:SuitPackage.Beforeandaftertestdemo@1af2d44a]" started-at="2020-03-28T00:34:04 IST" name="refreshAndClose" finished-at="2020-03-28T00:34:09 IST" duration-ms="5399" status="PASS">
          <reporter-output>
          </reporter-output>
        </test-method> <!-- refreshAndClose -->
        <test-method is-config="true" signature="browserClose()[pri:0, instance:SuitPackage.Beforeandaftertestdemo@1af2d44a]" started-at="2020-03-28T00:34:09 IST" name="browserClose" finished-at="2020-03-28T00:34:10 IST" duration-ms="206" status="PASS">
          <reporter-output>
          </reporter-output>
        </test-method> <!-- browserClose -->
      </class> <!-- SuitPackage.Beforeandaftertestdemo -->
    </test> <!-- Default test -->
  </suite> <!-- Default suite -->
</testng-results>
